TagLib: Could not open file /home/miko/music/hMMmmm/Nn/'Just The Two of Us' by Adikara Fardy.mp3
TagLib: Could not open file /home/miko/music/hMMmmm/Nn/5 Seconds of Summer ‒ Teeth (Lyrics).mp3
TagLib: Could not open file /home/miko/music/hMMmmm/Nn/Anson Seabra - Trying My Best (lyric).mp3
TagLib: Could not open file /home/miko/music/hMMmmm/Nn/ZAYN & Sia - Dusk Till Dawn (Lyrics).mp3
TagLib: Could not open file /home/miko/music/hMMmmm/bg/airplane_inflight.mp3
TagLib: Could not open file /home/miko/music/hMMmmm/bg/airplane_inflight.mp3
TagLib: Could not open file /home/miko/music/hMMmmm/bg/airplane_inflight.mp3
TagLib: Could not open file /home/miko/music/hMMmmm/bg/airplane_inflight.mp3
TagLib: Could not open file /home/miko/music/hMMmmm/bg/airplane_inflight.mp3
TagLib: Could not open file /home/miko/music/hMMmmm/bg/airplane_inflight.mp3
TagLib: Could not open file /home/miko/music/hMMmmm/bg/airplane_inflight.mp3
TagLib: Could not open file /home/miko/music/hMMmmm/bg/airplane_inflight.mp3
TagLib: Could not open file /home/miko/music/hMMmmm/bg/airplane_inflight.mp3
TagLib: Could not open file /home/miko/music/hMMmmm/bg/airplane_inflight.mp3
TagLib: Could not open file /home/miko/music/hMMmmm/bg/airplane_inflight.mp3
TagLib: Could not open file /home/miko/music/hMMmmm/bg/airplane_inflight.mp3
TagLib: Could not open file /home/miko/music/hMMmmm/bg/airplane_inflight.mp3
TagLib: Could not open file /home/miko/music/hMMmmm/bg/airplane_inflight.mp3
TagLib: Could not open file /home/miko/music/hMMmmm/bg/airplane_inflight.mp3
TagLib: Could not open file /home/miko/music/hMMmmm/bg/airplane_inflight.mp3
TagLib: Could not open file /home/miko/music/hMMmmm/bg/airplane_inflight.mp3
TagLib: Could not open file /home/miko/music/hMMmmm/bg/airplane_inflight.mp3
TagLib: Could not open file /home/miko/music/hMMmmm/bg/airplane_inflight.mp3
TagLib: Could not open file /home/miko/music/hMMmmm/bg/airplane_inflight.mp3
TagLib: Could not open file /home/miko/music/hMMmmm/bg/airplane_inflight.mp3
TagLib: Could not open file /home/miko/music/hMMmmm/bg/airplane_inflight.mp3
TagLib: Could not open file /home/miko/music/hMMmmm/bg/airplane_inflight.mp3
TagLib: Could not open file /home/miko/music/hMMmmm/bg/airplane_inflight.mp3
TagLib: Could not open file /home/miko/music/hMMmmm/bg/airplane_inflight.mp3
TagLib: Could not open file /home/miko/music/hMMmmm/bg/airplane_inflight.mp3
TagLib: Could not open file /home/miko/music/hMMmmm/bg/airplane_inflight.mp3
TagLib: Could not open file /home/miko/music/hMMmmm/bg/airplane_inflight.mp3
TagLib: Could not open file /home/miko/music/hMMmmm/bg/airplane_inflight.mp3
TagLib: Could not open file /home/miko/music/hMMmmm/bg/airplane_inflight.mp3
TagLib: Could not open file /home/miko/music/hMMmmm/bg/airplane_inflight.mp3
TagLib: Could not open file /home/miko/music/hMMmmm/bg/airplane_inflight.mp3
TagLib: Could not open file /home/miko/music/hMMmmm/bg/airplane_inflight.mp3
TagLib: Could not open file /home/miko/music/hMMmmm/bg/airplane_inflight.mp3
TagLib: Could not open file /home/miko/music/hMMmmm/bg/airplane_inflight.mp3
TagLib: Could not open file /home/miko/music/youtubeDl/稲葉曇『ラグトレイン』Vo. 歌愛ユキ.mp3
TagLib: Could not open file /home/miko/music/hMMmmm/Nightcore/「Nightcore」→ Devil On My Shoulder.mp3
